2025-09-09 21:20:11 | INFO | Logging to file: logs/project_log.log
2025-09-09 21:20:11 | INFO | Log sanitization enabled, personal info removed
2025-09-09 21:20:11 | INFO | Project root: C:/Users/USER/Documents/44671/buzzline-03-dowdle
2025-09-09 21:20:11 | INFO | Data folder: C:/Users/USER/Documents/44671/buzzline-03-dowdle/data
2025-09-09 21:20:11 | INFO | Data file: C:/Users/USER/Documents/44671/buzzline-03-dowdle/data/buzz.json
2025-09-09 21:20:11 | INFO | START producer.
2025-09-09 21:20:11 | INFO | Kafka broker address: localhost:9092
2025-09-09 21:20:11 | INFO | Kafka is ready. Brokers: {'throttle_time_ms': 0, 'brokers': [{'node_id': 1, 'host': 'localhost', 'port': 9092, 'rack': None}], 'cluster_id': 'N6hvXfg2QL-uPxvF0foOZQ', 'controller_id': 1}
2025-09-09 21:20:11 | INFO | Kafka topic: buzzline_json
2025-09-09 21:20:11 | INFO | Message interval: 1 seconds
2025-09-09 21:20:11 | INFO | Kafka broker address: localhost:9092
2025-09-09 21:20:11 | INFO | Connecting to Kafka broker at localhost:9092...
2025-09-09 21:20:11 | INFO | Kafka producer successfully created.
2025-09-09 21:20:11 | INFO | Kafka broker address: localhost:9092
2025-09-09 21:20:12 | INFO | Topic 'buzzline_json' created successfully.
2025-09-09 21:20:12 | INFO | Kafka topic 'buzzline_json' is ready.
2025-09-09 21:20:12 | INFO | Starting message production to topic 'buzzline_json'...
2025-09-09 21:20:12 | INFO | Opening data file in read mode: C:/Users/USER/Documents/44671/buzzline-03-dowdle/data/buzz.json
2025-09-09 21:20:12 | INFO | Reading data from file: C:/Users/USER/Documents/44671/buzzline-03-dowdle/data/buzz.json
2025-09-09 21:20:12 | INFO | Sent message to topic 'buzzline_json': {'message': 'Data engineering is my passion.', 'author': 'Eve'}
2025-09-09 21:20:13 | INFO | Sent message to topic 'buzzline_json': {'message': 'Distributed systems are fascinating.', 'author': 'Alice'}
2025-09-09 21:20:14 | INFO | Sent message to topic 'buzzline_json': {'message': 'Have a great day!', 'author': 'Charlie'}
2025-09-09 21:20:15 | INFO | Sent message to topic 'buzzline_json': {'message': 'Data engineering is my passion.', 'author': 'Alice'}
2025-09-09 21:20:16 | INFO | Sent message to topic 'buzzline_json': {'message': 'Distributed systems are fascinating.', 'author': 'Diana'}
2025-09-09 21:20:17 | INFO | Sent message to topic 'buzzline_json': {'message': 'Buzz messages for everyone.', 'author': 'Alice'}
2025-09-09 21:20:18 | INFO | Sent message to topic 'buzzline_json': {'message': 'Hello, Kafka world!', 'author': 'Diana'}
2025-09-09 21:20:19 | INFO | Sent message to topic 'buzzline_json': {'message': 'This is a buzz message.', 'author': 'Eve'}
2025-09-09 21:20:21 | INFO | Sent message to topic 'buzzline_json': {'message': 'JSON makes life easier.', 'author': 'Eve'}
2025-09-09 21:20:22 | INFO | Sent message to topic 'buzzline_json': {'message': 'JSON makes life easier.', 'author': 'Alice'}
2025-09-09 21:20:23 | INFO | Sent message to topic 'buzzline_json': {'message': 'Data engineering is my passion.', 'author': 'Diana'}
2025-09-09 21:20:24 | INFO | Sent message to topic 'buzzline_json': {'message': 'JSON makes life easier.', 'author': 'Diana'}
2025-09-09 21:20:25 | INFO | Sent message to topic 'buzzline_json': {'message': 'Kafka is awesome.', 'author': 'Charlie'}
2025-09-09 21:20:26 | INFO | Sent message to topic 'buzzline_json': {'message': 'JSON makes life easier.', 'author': 'Bob'}
2025-09-09 21:20:27 | INFO | Sent message to topic 'buzzline_json': {'message': 'I love Python!', 'author': 'Bob'}
2025-09-09 21:20:28 | INFO | Sent message to topic 'buzzline_json': {'message': 'This is a buzz message.', 'author': 'Eve'}
2025-09-09 21:20:29 | INFO | Sent message to topic 'buzzline_json': {'message': 'I love Python!', 'author': 'Eve'}
2025-09-09 21:20:30 | INFO | Sent message to topic 'buzzline_json': {'message': 'Buzz messages for everyone.', 'author': 'Alice'}
2025-09-09 21:20:31 | INFO | Sent message to topic 'buzzline_json': {'message': 'This is a buzz message.', 'author': 'Alice'}
2025-09-09 21:20:32 | INFO | Sent message to topic 'buzzline_json': {'message': 'Data engineering is my passion.', 'author': 'Diana'}
2025-09-09 21:20:33 | INFO | Sent message to topic 'buzzline_json': {'message': 'I love Python!', 'author': 'Eve'}
2025-09-09 21:20:34 | INFO | Sent message to topic 'buzzline_json': {'message': 'JSON makes life easier.', 'author': 'Charlie'}
2025-09-09 21:20:35 | INFO | Sent message to topic 'buzzline_json': {'message': 'Have a great day!', 'author': 'Bob'}
2025-09-09 21:20:36 | INFO | Sent message to topic 'buzzline_json': {'message': 'Data engineering is my passion.', 'author': 'Alice'}
2025-09-09 21:20:37 | INFO | Sent message to topic 'buzzline_json': {'message': 'Kafka is awesome.', 'author': 'Diana'}
2025-09-09 21:20:38 | INFO | Sent message to topic 'buzzline_json': {'message': 'Kafka is awesome.', 'author': 'Diana'}
2025-09-09 21:20:39 | INFO | Sent message to topic 'buzzline_json': {'message': 'Hello, Kafka world!', 'author': 'Bob'}
2025-09-09 21:20:40 | INFO | Sent message to topic 'buzzline_json': {'message': 'Distributed systems are fascinating.', 'author': 'Diana'}
2025-09-09 21:20:41 | INFO | Sent message to topic 'buzzline_json': {'message': 'I love Python!', 'author': 'Diana'}
2025-09-09 21:20:42 | INFO | Sent message to topic 'buzzline_json': {'message': 'Have a great day!', 'author': 'Alice'}
2025-09-09 21:20:43 | INFO | Sent message to topic 'buzzline_json': {'message': 'Hello, Kafka world!', 'author': 'Charlie'}
2025-09-09 21:20:44 | INFO | Sent message to topic 'buzzline_json': {'message': 'JSON makes life easier.', 'author': 'Diana'}
2025-09-09 21:20:45 | INFO | Sent message to topic 'buzzline_json': {'message': 'I love Python!', 'author': 'Bob'}
2025-09-09 21:20:46 | INFO | Sent message to topic 'buzzline_json': {'message': 'Have a great day!', 'author': 'Diana'}
2025-09-09 21:20:47 | INFO | Sent message to topic 'buzzline_json': {'message': 'Hello, Kafka world!', 'author': 'Alice'}
2025-09-09 21:20:48 | INFO | Sent message to topic 'buzzline_json': {'message': 'JSON makes life easier.', 'author': 'Alice'}
2025-09-09 21:20:49 | INFO | Sent message to topic 'buzzline_json': {'message': 'Buzz messages for everyone.', 'author': 'Charlie'}
2025-09-09 21:20:50 | INFO | Sent message to topic 'buzzline_json': {'message': 'Buzz messages for everyone.', 'author': 'Bob'}
2025-09-09 21:20:51 | INFO | Sent message to topic 'buzzline_json': {'message': 'Streaming data is fun.', 'author': 'Diana'}
2025-09-09 21:20:52 | INFO | Sent message to topic 'buzzline_json': {'message': 'Have a great day!', 'author': 'Diana'}
2025-09-09 21:20:53 | INFO | Sent message to topic 'buzzline_json': {'message': 'I love Python!', 'author': 'Alice'}
2025-09-09 21:20:54 | INFO | Sent message to topic 'buzzline_json': {'message': 'Streaming data is fun.', 'author': 'Charlie'}
2025-09-09 21:20:55 | INFO | Sent message to topic 'buzzline_json': {'message': 'Kafka is awesome.', 'author': 'Alice'}
2025-09-09 21:20:56 | INFO | Sent message to topic 'buzzline_json': {'message': 'Kafka is awesome.', 'author': 'Diana'}
2025-09-09 21:20:57 | INFO | Sent message to topic 'buzzline_json': {'message': 'Kafka is awesome.', 'author': 'Alice'}
2025-09-09 21:20:58 | INFO | Sent message to topic 'buzzline_json': {'message': 'JSON makes life easier.', 'author': 'Bob'}
2025-09-09 21:20:59 | INFO | Sent message to topic 'buzzline_json': {'message': 'This is a buzz message.', 'author': 'Bob'}
2025-09-09 21:21:00 | INFO | Logging to file: logs/project_log.log
2025-09-09 21:21:00 | INFO | Log sanitization enabled, personal info removed
2025-09-09 21:21:00 | INFO | START consumer.
2025-09-09 21:21:00 | INFO | Kafka topic: buzzline_json
2025-09-09 21:21:00 | INFO | Kafka consumer group id: buzz_group
2025-09-09 21:21:00 | INFO | Consumer: Topic 'buzzline_json' and group 'buzz_group'...
2025-09-09 21:21:00 | INFO | Kafka broker address: localhost:9092
2025-09-09 21:21:00 | INFO | Creating Kafka consumer. Topic='buzzline_json' and group ID='buzz_group'.
2025-09-09 21:21:00 | INFO | Sent message to topic 'buzzline_json': {'message': 'Streaming data is fun.', 'author': 'Diana'}
2025-09-09 21:21:00 | INFO | Kafka consumer created successfully.
2025-09-09 21:21:00 | INFO | Polling messages from topic 'buzzline_json'...
2025-09-09 21:21:01 | INFO | Sent message to topic 'buzzline_json': {'message': 'Have a great day!', 'author': 'Bob'}
2025-09-09 21:21:02 | INFO | Sent message to topic 'buzzline_json': {'message': 'This is a buzz message.', 'author': 'Eve'}
2025-09-09 21:21:03 | INFO | Sent message to topic 'buzzline_json': {'message': 'Hello, Kafka world!', 'author': 'Bob'}
2025-09-09 21:21:04 | INFO | Sent message to topic 'buzzline_json': {'message': 'This is a buzz message.', 'author': 'Alice'}
2025-09-09 21:21:05 | INFO | Sent message to topic 'buzzline_json': {'message': 'Streaming data is fun.', 'author': 'Eve'}
2025-09-09 21:21:06 | INFO | Sent message to topic 'buzzline_json': {'message': 'Kafka is awesome.', 'author': 'Alice'}
2025-09-09 21:21:07 | INFO | Sent message to topic 'buzzline_json': {'message': 'JSON makes life easier.', 'author': 'Bob'}
2025-09-09 21:21:08 | INFO | Processed JSON message: {'message': 'Data engineering is my passion.', 'author': 'Eve'}
2025-09-09 21:21:08 | INFO | Message received from author: Eve
2025-09-09 21:21:08 | INFO | Updated author counts: {'Eve': 1}
2025-09-09 21:21:08 | INFO | Processed JSON message: {'message': 'Distributed systems are fascinating.', 'author': 'Alice'}
2025-09-09 21:21:08 | INFO | Message received from author: Alice
2025-09-09 21:21:08 | INFO | Updated author counts: {'Eve': 1, 'Alice': 1}
2025-09-09 21:21:08 | INFO | Processed JSON message: {'message': 'Have a great day!', 'author': 'Charlie'}
2025-09-09 21:21:08 | INFO | Message received from author: Charlie
2025-09-09 21:21:08 | INFO | Updated author counts: {'Eve': 1, 'Alice': 1, 'Charlie': 1}
2025-09-09 21:21:08 | INFO | Processed JSON message: {'message': 'Data engineering is my passion.', 'author': 'Alice'}
2025-09-09 21:21:08 | INFO | Message received from author: Alice
2025-09-09 21:21:08 | INFO | Updated author counts: {'Eve': 1, 'Alice': 2, 'Charlie': 1}
2025-09-09 21:21:08 | INFO | Processed JSON message: {'message': 'Distributed systems are fascinating.', 'author': 'Diana'}
2025-09-09 21:21:08 | INFO | Message received from author: Diana
2025-09-09 21:21:08 | INFO | Updated author counts: {'Eve': 1, 'Alice': 2, 'Charlie': 1, 'Diana': 1}
2025-09-09 21:21:08 | INFO | Processed JSON message: {'message': 'Buzz messages for everyone.', 'author': 'Alice'}
2025-09-09 21:21:08 | INFO | Message received from author: Alice
2025-09-09 21:21:08 | INFO | Updated author counts: {'Eve': 1, 'Alice': 3, 'Charlie': 1, 'Diana': 1}
2025-09-09 21:21:08 | INFO | Processed JSON message: {'message': 'Hello, Kafka world!', 'author': 'Diana'}
2025-09-09 21:21:08 | INFO | Message received from author: Diana
2025-09-09 21:21:08 | INFO | Updated author counts: {'Eve': 1, 'Alice': 3, 'Charlie': 1, 'Diana': 2}
2025-09-09 21:21:08 | INFO | Processed JSON message: {'message': 'This is a buzz message.', 'author': 'Eve'}
2025-09-09 21:21:08 | INFO | Message received from author: Eve
2025-09-09 21:21:08 | INFO | Updated author counts: {'Eve': 2, 'Alice': 3, 'Charlie': 1, 'Diana': 2}
2025-09-09 21:21:08 | INFO | Processed JSON message: {'message': 'JSON makes life easier.', 'author': 'Eve'}
2025-09-09 21:21:08 | INFO | Message received from author: Eve
2025-09-09 21:21:08 | INFO | Updated author counts: {'Eve': 3, 'Alice': 3, 'Charlie': 1, 'Diana': 2}
2025-09-09 21:21:08 | INFO | Processed JSON message: {'message': 'JSON makes life easier.', 'author': 'Alice'}
2025-09-09 21:21:08 | INFO | Sent message to topic 'buzzline_json': {'message': 'This is a buzz message.', 'author': 'Charlie'}
2025-09-09 21:21:08 | INFO | Message received from author: Alice
2025-09-09 21:21:08 | INFO | Updated author counts: {'Eve': 3, 'Alice': 4, 'Charlie': 1, 'Diana': 2}
2025-09-09 21:21:08 | INFO | Processed JSON message: {'message': 'Data engineering is my passion.', 'author': 'Diana'}
2025-09-09 21:21:08 | INFO | Message received from author: Diana
2025-09-09 21:21:08 | INFO | Updated author counts: {'Eve': 3, 'Alice': 4, 'Charlie': 1, 'Diana': 3}
2025-09-09 21:21:08 | INFO | Processed JSON message: {'message': 'JSON makes life easier.', 'author': 'Diana'}
2025-09-09 21:21:08 | INFO | Message received from author: Diana
2025-09-09 21:21:08 | INFO | Updated author counts: {'Eve': 3, 'Alice': 4, 'Charlie': 1, 'Diana': 4}
2025-09-09 21:21:08 | INFO | Processed JSON message: {'message': 'Kafka is awesome.', 'author': 'Charlie'}
2025-09-09 21:21:08 | INFO | Message received from author: Charlie
2025-09-09 21:21:08 | INFO | Updated author counts: {'Eve': 3, 'Alice': 4, 'Charlie': 2, 'Diana': 4}
2025-09-09 21:21:08 | INFO | Processed JSON message: {'message': 'JSON makes life easier.', 'author': 'Bob'}
2025-09-09 21:21:08 | INFO | Message received from author: Bob
2025-09-09 21:21:08 | INFO | Updated author counts: {'Eve': 3, 'Alice': 4, 'Charlie': 2, 'Diana': 4, 'Bob': 1}
2025-09-09 21:21:08 | INFO | Processed JSON message: {'message': 'I love Python!', 'author': 'Bob'}
2025-09-09 21:21:08 | INFO | Message received from author: Bob
2025-09-09 21:21:08 | INFO | Updated author counts: {'Eve': 3, 'Alice': 4, 'Charlie': 2, 'Diana': 4, 'Bob': 2}
2025-09-09 21:21:08 | INFO | Processed JSON message: {'message': 'This is a buzz message.', 'author': 'Eve'}
2025-09-09 21:21:08 | INFO | Message received from author: Eve
2025-09-09 21:21:08 | INFO | Updated author counts: {'Eve': 4, 'Alice': 4, 'Charlie': 2, 'Diana': 4, 'Bob': 2}
2025-09-09 21:21:08 | INFO | Processed JSON message: {'message': 'I love Python!', 'author': 'Eve'}
2025-09-09 21:21:08 | INFO | Message received from author: Eve
2025-09-09 21:21:08 | INFO | Updated author counts: {'Eve': 5, 'Alice': 4, 'Charlie': 2, 'Diana': 4, 'Bob': 2}
2025-09-09 21:21:08 | INFO | Processed JSON message: {'message': 'Buzz messages for everyone.', 'author': 'Alice'}
2025-09-09 21:21:08 | INFO | Message received from author: Alice
2025-09-09 21:21:08 | INFO | Updated author counts: {'Eve': 5, 'Alice': 5, 'Charlie': 2, 'Diana': 4, 'Bob': 2}
2025-09-09 21:21:08 | INFO | Processed JSON message: {'message': 'This is a buzz message.', 'author': 'Alice'}
2025-09-09 21:21:08 | INFO | Message received from author: Alice
2025-09-09 21:21:08 | INFO | Updated author counts: {'Eve': 5, 'Alice': 6, 'Charlie': 2, 'Diana': 4, 'Bob': 2}
2025-09-09 21:21:08 | INFO | Processed JSON message: {'message': 'Data engineering is my passion.', 'author': 'Diana'}
2025-09-09 21:21:08 | INFO | Message received from author: Diana
2025-09-09 21:21:08 | INFO | Updated author counts: {'Eve': 5, 'Alice': 6, 'Charlie': 2, 'Diana': 5, 'Bob': 2}
2025-09-09 21:21:08 | INFO | Processed JSON message: {'message': 'I love Python!', 'author': 'Eve'}
2025-09-09 21:21:08 | INFO | Message received from author: Eve
2025-09-09 21:21:08 | INFO | Updated author counts: {'Eve': 6, 'Alice': 6, 'Charlie': 2, 'Diana': 5, 'Bob': 2}
2025-09-09 21:21:08 | INFO | Processed JSON message: {'message': 'JSON makes life easier.', 'author': 'Charlie'}
2025-09-09 21:21:08 | INFO | Message received from author: Charlie
2025-09-09 21:21:08 | INFO | Updated author counts: {'Eve': 6, 'Alice': 6, 'Charlie': 3, 'Diana': 5, 'Bob': 2}
2025-09-09 21:21:08 | INFO | Processed JSON message: {'message': 'Have a great day!', 'author': 'Bob'}
2025-09-09 21:21:08 | INFO | Message received from author: Bob
2025-09-09 21:21:08 | INFO | Updated author counts: {'Eve': 6, 'Alice': 6, 'Charlie': 3, 'Diana': 5, 'Bob': 3}
2025-09-09 21:21:08 | INFO | Processed JSON message: {'message': 'Data engineering is my passion.', 'author': 'Alice'}
2025-09-09 21:21:08 | INFO | Message received from author: Alice
2025-09-09 21:21:08 | INFO | Updated author counts: {'Eve': 6, 'Alice': 7, 'Charlie': 3, 'Diana': 5, 'Bob': 3}
2025-09-09 21:21:08 | INFO | Processed JSON message: {'message': 'Kafka is awesome.', 'author': 'Diana'}
2025-09-09 21:21:08 | INFO | Message received from author: Diana
2025-09-09 21:21:08 | INFO | Updated author counts: {'Eve': 6, 'Alice': 7, 'Charlie': 3, 'Diana': 6, 'Bob': 3}
2025-09-09 21:21:08 | INFO | Processed JSON message: {'message': 'Kafka is awesome.', 'author': 'Diana'}
2025-09-09 21:21:08 | INFO | Message received from author: Diana
2025-09-09 21:21:08 | INFO | Updated author counts: {'Eve': 6, 'Alice': 7, 'Charlie': 3, 'Diana': 7, 'Bob': 3}
2025-09-09 21:21:08 | INFO | Processed JSON message: {'message': 'Hello, Kafka world!', 'author': 'Bob'}
2025-09-09 21:21:08 | INFO | Message received from author: Bob
2025-09-09 21:21:08 | INFO | Updated author counts: {'Eve': 6, 'Alice': 7, 'Charlie': 3, 'Diana': 7, 'Bob': 4}
2025-09-09 21:21:08 | INFO | Processed JSON message: {'message': 'Distributed systems are fascinating.', 'author': 'Diana'}
2025-09-09 21:21:08 | INFO | Message received from author: Diana
2025-09-09 21:21:08 | INFO | Updated author counts: {'Eve': 6, 'Alice': 7, 'Charlie': 3, 'Diana': 8, 'Bob': 4}
2025-09-09 21:21:08 | INFO | Processed JSON message: {'message': 'I love Python!', 'author': 'Diana'}
2025-09-09 21:21:08 | INFO | Message received from author: Diana
2025-09-09 21:21:08 | INFO | Updated author counts: {'Eve': 6, 'Alice': 7, 'Charlie': 3, 'Diana': 9, 'Bob': 4}
2025-09-09 21:21:08 | INFO | Processed JSON message: {'message': 'Have a great day!', 'author': 'Alice'}
2025-09-09 21:21:08 | INFO | Message received from author: Alice
2025-09-09 21:21:08 | INFO | Updated author counts: {'Eve': 6, 'Alice': 8, 'Charlie': 3, 'Diana': 9, 'Bob': 4}
2025-09-09 21:21:08 | INFO | Processed JSON message: {'message': 'Hello, Kafka world!', 'author': 'Charlie'}
2025-09-09 21:21:08 | INFO | Message received from author: Charlie
2025-09-09 21:21:08 | INFO | Updated author counts: {'Eve': 6, 'Alice': 8, 'Charlie': 4, 'Diana': 9, 'Bob': 4}
2025-09-09 21:21:08 | INFO | Processed JSON message: {'message': 'JSON makes life easier.', 'author': 'Diana'}
2025-09-09 21:21:08 | INFO | Message received from author: Diana
2025-09-09 21:21:08 | INFO | Updated author counts: {'Eve': 6, 'Alice': 8, 'Charlie': 4, 'Diana': 10, 'Bob': 4}
2025-09-09 21:21:08 | INFO | Processed JSON message: {'message': 'I love Python!', 'author': 'Bob'}
2025-09-09 21:21:08 | INFO | Message received from author: Bob
2025-09-09 21:21:08 | INFO | Updated author counts: {'Eve': 6, 'Alice': 8, 'Charlie': 4, 'Diana': 10, 'Bob': 5}
2025-09-09 21:21:08 | INFO | Processed JSON message: {'message': 'Have a great day!', 'author': 'Diana'}
2025-09-09 21:21:08 | INFO | Message received from author: Diana
2025-09-09 21:21:08 | INFO | Updated author counts: {'Eve': 6, 'Alice': 8, 'Charlie': 4, 'Diana': 11, 'Bob': 5}
2025-09-09 21:21:08 | INFO | Processed JSON message: {'message': 'Hello, Kafka world!', 'author': 'Alice'}
2025-09-09 21:21:08 | INFO | Message received from author: Alice
2025-09-09 21:21:08 | INFO | Updated author counts: {'Eve': 6, 'Alice': 9, 'Charlie': 4, 'Diana': 11, 'Bob': 5}
2025-09-09 21:21:08 | INFO | Processed JSON message: {'message': 'JSON makes life easier.', 'author': 'Alice'}
2025-09-09 21:21:08 | INFO | Message received from author: Alice
2025-09-09 21:21:08 | INFO | Updated author counts: {'Eve': 6, 'Alice': 10, 'Charlie': 4, 'Diana': 11, 'Bob': 5}
2025-09-09 21:21:08 | INFO | Processed JSON message: {'message': 'Buzz messages for everyone.', 'author': 'Charlie'}
2025-09-09 21:21:08 | INFO | Message received from author: Charlie
2025-09-09 21:21:08 | INFO | Updated author counts: {'Eve': 6, 'Alice': 10, 'Charlie': 5, 'Diana': 11, 'Bob': 5}
2025-09-09 21:21:08 | INFO | Processed JSON message: {'message': 'Buzz messages for everyone.', 'author': 'Bob'}
2025-09-09 21:21:08 | INFO | Message received from author: Bob
2025-09-09 21:21:08 | INFO | Updated author counts: {'Eve': 6, 'Alice': 10, 'Charlie': 5, 'Diana': 11, 'Bob': 6}
2025-09-09 21:21:08 | INFO | Processed JSON message: {'message': 'Streaming data is fun.', 'author': 'Diana'}
2025-09-09 21:21:08 | INFO | Message received from author: Diana
2025-09-09 21:21:08 | INFO | Updated author counts: {'Eve': 6, 'Alice': 10, 'Charlie': 5, 'Diana': 12, 'Bob': 6}
2025-09-09 21:21:08 | INFO | Processed JSON message: {'message': 'Have a great day!', 'author': 'Diana'}
2025-09-09 21:21:08 | INFO | Message received from author: Diana
2025-09-09 21:21:08 | INFO | Updated author counts: {'Eve': 6, 'Alice': 10, 'Charlie': 5, 'Diana': 13, 'Bob': 6}
2025-09-09 21:21:08 | INFO | Processed JSON message: {'message': 'I love Python!', 'author': 'Alice'}
2025-09-09 21:21:08 | INFO | Message received from author: Alice
2025-09-09 21:21:08 | INFO | Updated author counts: {'Eve': 6, 'Alice': 11, 'Charlie': 5, 'Diana': 13, 'Bob': 6}
2025-09-09 21:21:08 | INFO | Processed JSON message: {'message': 'Streaming data is fun.', 'author': 'Charlie'}
2025-09-09 21:21:08 | INFO | Message received from author: Charlie
2025-09-09 21:21:08 | INFO | Updated author counts: {'Eve': 6, 'Alice': 11, 'Charlie': 6, 'Diana': 13, 'Bob': 6}
2025-09-09 21:21:08 | INFO | Processed JSON message: {'message': 'Kafka is awesome.', 'author': 'Alice'}
2025-09-09 21:21:08 | INFO | Message received from author: Alice
2025-09-09 21:21:08 | INFO | Updated author counts: {'Eve': 6, 'Alice': 12, 'Charlie': 6, 'Diana': 13, 'Bob': 6}
2025-09-09 21:21:08 | INFO | Processed JSON message: {'message': 'Kafka is awesome.', 'author': 'Diana'}
2025-09-09 21:21:08 | INFO | Message received from author: Diana
2025-09-09 21:21:08 | INFO | Updated author counts: {'Eve': 6, 'Alice': 12, 'Charlie': 6, 'Diana': 14, 'Bob': 6}
2025-09-09 21:21:08 | INFO | Processed JSON message: {'message': 'Kafka is awesome.', 'author': 'Alice'}
2025-09-09 21:21:08 | INFO | Message received from author: Alice
2025-09-09 21:21:08 | INFO | Updated author counts: {'Eve': 6, 'Alice': 13, 'Charlie': 6, 'Diana': 14, 'Bob': 6}
2025-09-09 21:21:08 | INFO | Processed JSON message: {'message': 'JSON makes life easier.', 'author': 'Bob'}
2025-09-09 21:21:08 | INFO | Message received from author: Bob
2025-09-09 21:21:08 | INFO | Updated author counts: {'Eve': 6, 'Alice': 13, 'Charlie': 6, 'Diana': 14, 'Bob': 7}
2025-09-09 21:21:08 | INFO | Processed JSON message: {'message': 'This is a buzz message.', 'author': 'Bob'}
2025-09-09 21:21:08 | INFO | Message received from author: Bob
2025-09-09 21:21:08 | INFO | Updated author counts: {'Eve': 6, 'Alice': 13, 'Charlie': 6, 'Diana': 14, 'Bob': 8}
2025-09-09 21:21:08 | INFO | Processed JSON message: {'message': 'Streaming data is fun.', 'author': 'Diana'}
2025-09-09 21:21:08 | INFO | Message received from author: Diana
2025-09-09 21:21:08 | INFO | Updated author counts: {'Eve': 6, 'Alice': 13, 'Charlie': 6, 'Diana': 15, 'Bob': 8}
2025-09-09 21:21:08 | INFO | Processed JSON message: {'message': 'Have a great day!', 'author': 'Bob'}
2025-09-09 21:21:08 | INFO | Message received from author: Bob
2025-09-09 21:21:08 | INFO | Updated author counts: {'Eve': 6, 'Alice': 13, 'Charlie': 6, 'Diana': 15, 'Bob': 9}
2025-09-09 21:21:08 | INFO | Processed JSON message: {'message': 'This is a buzz message.', 'author': 'Eve'}
2025-09-09 21:21:08 | INFO | Message received from author: Eve
2025-09-09 21:21:08 | INFO | Updated author counts: {'Eve': 7, 'Alice': 13, 'Charlie': 6, 'Diana': 15, 'Bob': 9}
2025-09-09 21:21:08 | INFO | Processed JSON message: {'message': 'Hello, Kafka world!', 'author': 'Bob'}
2025-09-09 21:21:08 | INFO | Message received from author: Bob
2025-09-09 21:21:08 | INFO | Updated author counts: {'Eve': 7, 'Alice': 13, 'Charlie': 6, 'Diana': 15, 'Bob': 10}
2025-09-09 21:21:08 | INFO | Processed JSON message: {'message': 'This is a buzz message.', 'author': 'Alice'}
2025-09-09 21:21:08 | INFO | Message received from author: Alice
2025-09-09 21:21:08 | INFO | Updated author counts: {'Eve': 7, 'Alice': 14, 'Charlie': 6, 'Diana': 15, 'Bob': 10}
2025-09-09 21:21:08 | INFO | Processed JSON message: {'message': 'Streaming data is fun.', 'author': 'Eve'}
2025-09-09 21:21:08 | INFO | Message received from author: Eve
2025-09-09 21:21:09 | INFO | Updated author counts: {'Eve': 8, 'Alice': 14, 'Charlie': 6, 'Diana': 15, 'Bob': 10}
2025-09-09 21:21:09 | INFO | Processed JSON message: {'message': 'Kafka is awesome.', 'author': 'Alice'}
2025-09-09 21:21:09 | INFO | Message received from author: Alice
2025-09-09 21:21:09 | INFO | Updated author counts: {'Eve': 8, 'Alice': 15, 'Charlie': 6, 'Diana': 15, 'Bob': 10}
2025-09-09 21:21:09 | INFO | Processed JSON message: {'message': 'JSON makes life easier.', 'author': 'Bob'}
2025-09-09 21:21:09 | INFO | Message received from author: Bob
2025-09-09 21:21:09 | INFO | Updated author counts: {'Eve': 8, 'Alice': 15, 'Charlie': 6, 'Diana': 15, 'Bob': 11}
2025-09-09 21:21:09 | INFO | Processed JSON message: {'message': 'This is a buzz message.', 'author': 'Charlie'}
2025-09-09 21:21:09 | INFO | Message received from author: Charlie
2025-09-09 21:21:09 | INFO | Updated author counts: {'Eve': 8, 'Alice': 15, 'Charlie': 7, 'Diana': 15, 'Bob': 11}
2025-09-09 21:21:09 | INFO | Sent message to topic 'buzzline_json': {'message': 'Have a great day!', 'author': 'Diana'}
2025-09-09 21:21:09 | INFO | Processed JSON message: {'message': 'Have a great day!', 'author': 'Diana'}
2025-09-09 21:21:09 | INFO | Message received from author: Diana
2025-09-09 21:21:09 | INFO | Updated author counts: {'Eve': 8, 'Alice': 15, 'Charlie': 7, 'Diana': 16, 'Bob': 11}
2025-09-09 21:21:10 | INFO | Sent message to topic 'buzzline_json': {'message': 'Distributed systems are fascinating.', 'author': 'Bob'}
2025-09-09 21:21:10 | INFO | Processed JSON message: {'message': 'Distributed systems are fascinating.', 'author': 'Bob'}
2025-09-09 21:21:10 | INFO | Message received from author: Bob
2025-09-09 21:21:10 | INFO | Updated author counts: {'Eve': 8, 'Alice': 15, 'Charlie': 7, 'Diana': 16, 'Bob': 12}
2025-09-09 21:21:11 | INFO | Sent message to topic 'buzzline_json': {'message': 'Kafka is awesome.', 'author': 'Alice'}
2025-09-09 21:21:11 | INFO | Processed JSON message: {'message': 'Kafka is awesome.', 'author': 'Alice'}
2025-09-09 21:21:11 | INFO | Message received from author: Alice
2025-09-09 21:21:11 | INFO | Updated author counts: {'Eve': 8, 'Alice': 16, 'Charlie': 7, 'Diana': 16, 'Bob': 12}
2025-09-09 21:21:12 | INFO | Sent message to topic 'buzzline_json': {'message': 'Streaming data is fun.', 'author': 'Alice'}
2025-09-09 21:21:12 | INFO | Processed JSON message: {'message': 'Streaming data is fun.', 'author': 'Alice'}
2025-09-09 21:21:12 | INFO | Message received from author: Alice
2025-09-09 21:21:12 | INFO | Updated author counts: {'Eve': 8, 'Alice': 17, 'Charlie': 7, 'Diana': 16, 'Bob': 12}
2025-09-09 21:21:13 | INFO | Sent message to topic 'buzzline_json': {'message': 'Have a great day!', 'author': 'Diana'}
2025-09-09 21:21:13 | INFO | Processed JSON message: {'message': 'Have a great day!', 'author': 'Diana'}
2025-09-09 21:21:13 | INFO | Message received from author: Diana
2025-09-09 21:21:13 | INFO | Updated author counts: {'Eve': 8, 'Alice': 17, 'Charlie': 7, 'Diana': 17, 'Bob': 12}
2025-09-09 21:21:14 | INFO | Sent message to topic 'buzzline_json': {'message': 'Streaming data is fun.', 'author': 'Alice'}
2025-09-09 21:21:14 | INFO | Processed JSON message: {'message': 'Streaming data is fun.', 'author': 'Alice'}
2025-09-09 21:21:14 | INFO | Message received from author: Alice
2025-09-09 21:21:14 | INFO | Updated author counts: {'Eve': 8, 'Alice': 18, 'Charlie': 7, 'Diana': 17, 'Bob': 12}
2025-09-09 21:21:15 | INFO | Sent message to topic 'buzzline_json': {'message': 'This is a buzz message.', 'author': 'Diana'}
2025-09-09 21:21:15 | INFO | Processed JSON message: {'message': 'This is a buzz message.', 'author': 'Diana'}
2025-09-09 21:21:15 | INFO | Message received from author: Diana
2025-09-09 21:21:15 | INFO | Updated author counts: {'Eve': 8, 'Alice': 18, 'Charlie': 7, 'Diana': 18, 'Bob': 12}
2025-09-09 21:21:16 | INFO | Sent message to topic 'buzzline_json': {'message': 'Data engineering is my passion.', 'author': 'Bob'}
2025-09-09 21:21:16 | INFO | Processed JSON message: {'message': 'Data engineering is my passion.', 'author': 'Bob'}
2025-09-09 21:21:16 | INFO | Message received from author: Bob
2025-09-09 21:21:16 | INFO | Updated author counts: {'Eve': 8, 'Alice': 18, 'Charlie': 7, 'Diana': 18, 'Bob': 13}
2025-09-09 21:21:17 | INFO | Sent message to topic 'buzzline_json': {'message': 'Have a great day!', 'author': 'Diana'}
2025-09-09 21:21:17 | INFO | Processed JSON message: {'message': 'Have a great day!', 'author': 'Diana'}
2025-09-09 21:21:17 | INFO | Message received from author: Diana
2025-09-09 21:21:17 | INFO | Updated author counts: {'Eve': 8, 'Alice': 18, 'Charlie': 7, 'Diana': 19, 'Bob': 13}
2025-09-09 21:21:18 | INFO | Sent message to topic 'buzzline_json': {'message': 'Kafka is awesome.', 'author': 'Alice'}
2025-09-09 21:21:18 | INFO | Processed JSON message: {'message': 'Kafka is awesome.', 'author': 'Alice'}
2025-09-09 21:21:18 | INFO | Message received from author: Alice
2025-09-09 21:21:18 | INFO | Updated author counts: {'Eve': 8, 'Alice': 19, 'Charlie': 7, 'Diana': 19, 'Bob': 13}
2025-09-09 21:21:19 | INFO | Sent message to topic 'buzzline_json': {'message': 'Kafka is awesome.', 'author': 'Eve'}
2025-09-09 21:21:19 | INFO | Processed JSON message: {'message': 'Kafka is awesome.', 'author': 'Eve'}
2025-09-09 21:21:19 | INFO | Message received from author: Eve
2025-09-09 21:21:19 | INFO | Updated author counts: {'Eve': 9, 'Alice': 19, 'Charlie': 7, 'Diana': 19, 'Bob': 13}
2025-09-09 21:21:20 | INFO | Sent message to topic 'buzzline_json': {'message': 'Have a great day!', 'author': 'Diana'}
2025-09-09 21:21:20 | INFO | Processed JSON message: {'message': 'Have a great day!', 'author': 'Diana'}
2025-09-09 21:21:20 | INFO | Message received from author: Diana
2025-09-09 21:21:20 | INFO | Updated author counts: {'Eve': 9, 'Alice': 19, 'Charlie': 7, 'Diana': 20, 'Bob': 13}
2025-09-09 21:21:21 | INFO | Sent message to topic 'buzzline_json': {'message': 'Buzz messages for everyone.', 'author': 'Charlie'}
2025-09-09 21:21:21 | INFO | Processed JSON message: {'message': 'Buzz messages for everyone.', 'author': 'Charlie'}
2025-09-09 21:21:21 | INFO | Message received from author: Charlie
2025-09-09 21:21:21 | INFO | Updated author counts: {'Eve': 9, 'Alice': 19, 'Charlie': 8, 'Diana': 20, 'Bob': 13}
2025-09-09 21:21:22 | INFO | Sent message to topic 'buzzline_json': {'message': 'This is a buzz message.', 'author': 'Charlie'}
2025-09-09 21:21:22 | INFO | Processed JSON message: {'message': 'This is a buzz message.', 'author': 'Charlie'}
2025-09-09 21:21:22 | INFO | Message received from author: Charlie
2025-09-09 21:21:22 | INFO | Updated author counts: {'Eve': 9, 'Alice': 19, 'Charlie': 9, 'Diana': 20, 'Bob': 13}
2025-09-09 21:21:23 | WARNING | Consumer interrupted by user.
2025-09-09 21:21:23 | INFO | Kafka consumer for topic 'buzzline_json' closed.
2025-09-09 21:21:23 | INFO | END consumer for topic 'buzzline_json' and group 'buzz_group'.
2025-09-09 21:21:23 | INFO | Sent message to topic 'buzzline_json': {'message': 'Streaming data is fun.', 'author': 'Alice'}
2025-09-09 21:21:24 | INFO | Sent message to topic 'buzzline_json': {'message': 'Hello, Kafka world!', 'author': 'Diana'}
2025-09-09 21:21:25 | INFO | Sent message to topic 'buzzline_json': {'message': 'Kafka is awesome.', 'author': 'Bob'}
2025-09-09 21:21:26 | INFO | Sent message to topic 'buzzline_json': {'message': 'I love Python!', 'author': 'Eve'}
2025-09-09 21:21:27 | INFO | Sent message to topic 'buzzline_json': {'message': 'JSON makes life easier.', 'author': 'Charlie'}
2025-09-09 21:21:28 | INFO | Sent message to topic 'buzzline_json': {'message': 'I love Python!', 'author': 'Charlie'}
2025-09-09 21:21:29 | WARNING | Producer interrupted by user.
2025-09-09 21:21:29 | INFO | Kafka producer closed.
2025-09-09 21:21:29 | INFO | END producer.
2025-09-10 20:37:37 | INFO | Logging to file: logs/project_log.log
2025-09-10 20:37:37 | INFO | Log sanitization enabled, personal info removed
2025-09-10 20:37:37 | INFO | Project root: C:/Users/USER/Documents/44671/buzzline-03-dowdle
2025-09-10 20:37:37 | INFO | Data folder: C:/Users/USER/Documents/44671/buzzline-03-dowdle/data
2025-09-10 20:37:37 | INFO | Data file: C:/Users/USER/Documents/44671/buzzline-03-dowdle/data/smoker_temps.csv
2025-09-10 20:37:37 | INFO | START producer.
2025-09-10 20:37:37 | INFO | Kafka broker address: localhost:9092
2025-09-10 20:37:38 | INFO | Kafka is ready. Brokers: {'throttle_time_ms': 0, 'brokers': [{'node_id': 1, 'host': 'localhost', 'port': 9092, 'rack': None}], 'cluster_id': 'N6hvXfg2QL-uPxvF0foOZQ', 'controller_id': 1}
2025-09-10 20:37:38 | INFO | Kafka topic: smoker_csv
2025-09-10 20:37:38 | INFO | Message interval: 5 seconds
2025-09-10 20:37:38 | INFO | Kafka broker address: localhost:9092
2025-09-10 20:37:38 | INFO | Connecting to Kafka broker at localhost:9092...
2025-09-10 20:37:38 | INFO | Kafka producer successfully created.
2025-09-10 20:37:38 | INFO | Kafka broker address: localhost:9092
2025-09-10 20:37:39 | INFO | Topic 'smoker_csv' created successfully.
2025-09-10 20:37:39 | INFO | Kafka topic 'smoker_csv' is ready.
2025-09-10 20:37:39 | INFO | Starting message production to topic 'smoker_csv'...
2025-09-10 20:37:39 | INFO | Opening data file in read mode: C:/Users/USER/Documents/44671/buzzline-03-dowdle/data/smoker_temps.csv
2025-09-10 20:37:39 | INFO | Reading data from file: C:/Users/USER/Documents/44671/buzzline-03-dowdle/data/smoker_temps.csv
2025-09-10 20:37:39 | INFO | Sent message to topic 'smoker_csv': {'timestamp': '2025-09-11T01:37:39.087021', 'temperature': 70.4}
2025-09-10 20:37:44 | INFO | Sent message to topic 'smoker_csv': {'timestamp': '2025-09-11T01:37:44.115711', 'temperature': 70.8}
2025-09-10 20:37:49 | INFO | Sent message to topic 'smoker_csv': {'timestamp': '2025-09-11T01:37:49.117814', 'temperature': 71.2}
2025-09-10 20:37:54 | INFO | Sent message to topic 'smoker_csv': {'timestamp': '2025-09-11T01:37:54.119873', 'temperature': 71.6}
2025-09-10 20:37:59 | INFO | Sent message to topic 'smoker_csv': {'timestamp': '2025-09-11T01:37:59.121735', 'temperature': 72.0}
2025-09-10 20:38:04 | INFO | Sent message to topic 'smoker_csv': {'timestamp': '2025-09-11T01:38:04.124934', 'temperature': 72.4}
2025-09-10 20:38:09 | INFO | Sent message to topic 'smoker_csv': {'timestamp': '2025-09-11T01:38:09.127296', 'temperature': 72.8}
2025-09-10 20:38:14 | INFO | Sent message to topic 'smoker_csv': {'timestamp': '2025-09-11T01:38:14.129393', 'temperature': 73.2}
2025-09-10 20:38:19 | INFO | Sent message to topic 'smoker_csv': {'timestamp': '2025-09-11T01:38:19.133976', 'temperature': 73.6}
2025-09-10 20:38:24 | INFO | Sent message to topic 'smoker_csv': {'timestamp': '2025-09-11T01:38:24.135934', 'temperature': 74.0}
2025-09-10 20:38:29 | INFO | Sent message to topic 'smoker_csv': {'timestamp': '2025-09-11T01:38:29.139992', 'temperature': 74.4}
2025-09-10 20:38:31 | INFO | Logging to file: logs/project_log.log
2025-09-10 20:38:31 | INFO | Log sanitization enabled, personal info removed
2025-09-10 20:38:31 | INFO | START consumer.
2025-09-10 20:38:31 | INFO | Kafka topic: smoker_csv
2025-09-10 20:38:31 | INFO | Kafka consumer group id: smoker_group
2025-09-10 20:38:31 | INFO | Rolling window size: 10
2025-09-10 20:38:31 | INFO | Consumer: Topic 'smoker_csv' and group 'smoker_group'...
2025-09-10 20:38:31 | INFO | Rolling window size: 10
2025-09-10 20:38:31 | INFO | Kafka broker address: localhost:9092
2025-09-10 20:38:31 | INFO | Creating Kafka consumer. Topic='smoker_csv' and group ID='smoker_group'.
2025-09-10 20:38:31 | INFO | Kafka consumer created successfully.
2025-09-10 20:38:31 | INFO | Polling messages from topic 'smoker_csv'...
2025-09-10 20:38:34 | INFO | Sent message to topic 'smoker_csv': {'timestamp': '2025-09-11T01:38:34.143156', 'temperature': 74.8}
2025-09-10 20:38:35 | INFO | Processed JSON message: {'timestamp': '2025-09-11T01:37:39.087021', 'temperature': 70.4}
2025-09-10 20:38:35 | INFO | Rolling window size: 10
2025-09-10 20:38:35 | INFO | Processed JSON message: {'timestamp': '2025-09-11T01:37:44.115711', 'temperature': 70.8}
2025-09-10 20:38:35 | INFO | Rolling window size: 10
2025-09-10 20:38:35 | INFO | Processed JSON message: {'timestamp': '2025-09-11T01:37:49.117814', 'temperature': 71.2}
2025-09-10 20:38:35 | INFO | Rolling window size: 10
2025-09-10 20:38:35 | INFO | Processed JSON message: {'timestamp': '2025-09-11T01:37:54.119873', 'temperature': 71.6}
2025-09-10 20:38:35 | INFO | Rolling window size: 10
2025-09-10 20:38:35 | INFO | Processed JSON message: {'timestamp': '2025-09-11T01:37:59.121735', 'temperature': 72.0}
2025-09-10 20:38:35 | INFO | Rolling window size: 10
2025-09-10 20:38:35 | INFO | Processed JSON message: {'timestamp': '2025-09-11T01:38:04.124934', 'temperature': 72.4}
2025-09-10 20:38:35 | INFO | Rolling window size: 10
2025-09-10 20:38:35 | INFO | Processed JSON message: {'timestamp': '2025-09-11T01:38:09.127296', 'temperature': 72.8}
2025-09-10 20:38:35 | INFO | Rolling window size: 10
2025-09-10 20:38:35 | INFO | Processed JSON message: {'timestamp': '2025-09-11T01:38:14.129393', 'temperature': 73.2}
2025-09-10 20:38:35 | INFO | Rolling window size: 10
2025-09-10 20:38:35 | INFO | Processed JSON message: {'timestamp': '2025-09-11T01:38:19.133976', 'temperature': 73.6}
2025-09-10 20:38:35 | INFO | Rolling window size: 10
2025-09-10 20:38:35 | INFO | Processed JSON message: {'timestamp': '2025-09-11T01:38:24.135934', 'temperature': 74.0}
2025-09-10 20:38:35 | INFO | Rolling window size: 10
2025-09-10 20:38:35 | INFO | Max stall temperature range: 0.2 F
2025-09-10 20:38:35 | INFO | Processed JSON message: {'timestamp': '2025-09-11T01:38:29.139992', 'temperature': 74.4}
2025-09-10 20:38:35 | INFO | Rolling window size: 10
2025-09-10 20:38:35 | INFO | Max stall temperature range: 0.2 F
2025-09-10 20:38:35 | INFO | Processed JSON message: {'timestamp': '2025-09-11T01:38:34.143156', 'temperature': 74.8}
2025-09-10 20:38:35 | INFO | Rolling window size: 10
2025-09-10 20:38:35 | INFO | Max stall temperature range: 0.2 F
2025-09-10 20:38:39 | INFO | Sent message to topic 'smoker_csv': {'timestamp': '2025-09-11T01:38:39.146319', 'temperature': 75.2}
2025-09-10 20:38:39 | INFO | Processed JSON message: {'timestamp': '2025-09-11T01:38:39.146319', 'temperature': 75.2}
2025-09-10 20:38:39 | INFO | Rolling window size: 10
2025-09-10 20:38:39 | INFO | Max stall temperature range: 0.2 F
2025-09-10 20:38:44 | INFO | Sent message to topic 'smoker_csv': {'timestamp': '2025-09-11T01:38:44.148627', 'temperature': 75.6}
2025-09-10 20:38:44 | INFO | Processed JSON message: {'timestamp': '2025-09-11T01:38:44.148627', 'temperature': 75.6}
2025-09-10 20:38:44 | INFO | Rolling window size: 10
2025-09-10 20:38:44 | INFO | Max stall temperature range: 0.2 F
2025-09-10 20:38:49 | INFO | Sent message to topic 'smoker_csv': {'timestamp': '2025-09-11T01:38:49.209941', 'temperature': 76.0}
2025-09-10 20:38:49 | INFO | Processed JSON message: {'timestamp': '2025-09-11T01:38:49.209941', 'temperature': 76.0}
2025-09-10 20:38:49 | INFO | Rolling window size: 10
2025-09-10 20:38:49 | INFO | Max stall temperature range: 0.2 F
2025-09-10 20:38:52 | WARNING | Consumer interrupted by user.
2025-09-10 20:38:52 | INFO | Kafka consumer for topic 'smoker_csv' closed.
2025-09-10 20:38:54 | INFO | Sent message to topic 'smoker_csv': {'timestamp': '2025-09-11T01:38:54.213391', 'temperature': 76.4}
2025-09-10 20:38:59 | INFO | Sent message to topic 'smoker_csv': {'timestamp': '2025-09-11T01:38:59.216085', 'temperature': 76.8}
2025-09-10 20:38:59 | WARNING | Producer interrupted by user.
2025-09-10 20:38:59 | INFO | Kafka producer closed.
2025-09-10 20:38:59 | INFO | END producer.
2025-09-12 20:25:32 | INFO | Logging to file: logs/project_log.log
2025-09-12 20:25:32 | INFO | Log sanitization enabled, personal info removed
2025-09-12 20:25:32 | INFO | START dog producer.
2025-09-12 20:25:32 | INFO | Kafka broker address: localhost:9092
2025-09-12 20:25:35 | INFO | Kafka is ready. Brokers: {'throttle_time_ms': 0, 'brokers': [{'node_id': 1, 'host': 'localhost', 'port': 9092, 'rack': None}], 'cluster_id': 'N6hvXfg2QL-uPxvF0foOZQ', 'controller_id': 1}
2025-09-12 20:25:35 | INFO | Kafka topic: dogs_topic
2025-09-12 20:25:35 | INFO | Message interval: 4 seconds
2025-09-12 20:25:35 | INFO | Kafka broker address: localhost:9092
2025-09-12 20:25:35 | INFO | Connecting to Kafka broker at localhost:9092...
2025-09-12 20:25:35 | INFO | Kafka producer successfully created.
2025-09-12 20:25:35 | INFO | Kafka broker address: localhost:9092
2025-09-12 20:25:36 | INFO | Topic 'dogs_topic' created successfully.
2025-09-12 20:25:36 | INFO | Kafka topic 'dogs_topic' is ready.
2025-09-12 20:25:36 | INFO | Starting dog message production to topic 'dogs_topic'...
2025-09-12 20:25:37 | INFO | Sent message to topic 'dogs_topic': {'name': 'Harley', 'breed': 'German Shepherd', 'age': 3, 'favorite_toy': 'Squeaky toy'}
2025-09-12 20:25:41 | INFO | Sent message to topic 'dogs_topic': {'name': 'Harley', 'breed': 'German Shepherd', 'age': 11, 'favorite_toy': 'Frisbee'}
2025-09-12 20:25:45 | INFO | Sent message to topic 'dogs_topic': {'name': 'Rex', 'breed': 'Beagle', 'age': 13, 'favorite_toy': 'Stick'}
2025-09-12 20:25:49 | INFO | Sent message to topic 'dogs_topic': {'name': 'Rex', 'breed': 'Bulldog', 'age': 15, 'favorite_toy': 'Tennis ball'}
2025-09-12 20:25:53 | INFO | Sent message to topic 'dogs_topic': {'name': 'Bubba', 'breed': 'Bulldog', 'age': 6, 'favorite_toy': 'Stick'}
2025-09-12 20:25:57 | INFO | Sent message to topic 'dogs_topic': {'name': 'Harley', 'breed': 'Golden Retriever', 'age': 9, 'favorite_toy': 'Stuffie'}
2025-09-12 20:26:01 | INFO | Sent message to topic 'dogs_topic': {'name': 'Nimeria', 'breed': 'Beagle', 'age': 7, 'favorite_toy': 'Frisbee'}
2025-09-12 20:26:05 | INFO | Sent message to topic 'dogs_topic': {'name': 'Daisy', 'breed': 'German Shepherd', 'age': 8, 'favorite_toy': 'Stick'}
2025-09-12 20:26:09 | INFO | Sent message to topic 'dogs_topic': {'name': 'Harley', 'breed': 'Labrador', 'age': 7, 'favorite_toy': 'Rope'}
2025-09-12 20:26:13 | INFO | Sent message to topic 'dogs_topic': {'name': 'Duke', 'breed': 'Poodle', 'age': 11, 'favorite_toy': 'Stuffie'}
2025-09-12 20:26:17 | INFO | Sent message to topic 'dogs_topic': {'name': 'Duke', 'breed': 'Poodle', 'age': 1, 'favorite_toy': 'Rope'}
2025-09-12 20:26:21 | INFO | Sent message to topic 'dogs_topic': {'name': 'Rex', 'breed': 'Golden Retriever', 'age': 5, 'favorite_toy': 'Frisbee'}
2025-09-12 20:26:25 | INFO | Sent message to topic 'dogs_topic': {'name': 'Bubba', 'breed': 'German Shepherd', 'age': 6, 'favorite_toy': 'Rope'}
2025-09-12 20:26:29 | INFO | Sent message to topic 'dogs_topic': {'name': 'Duke', 'breed': 'German Shepherd', 'age': 1, 'favorite_toy': 'Frisbee'}
2025-09-12 20:26:33 | INFO | Sent message to topic 'dogs_topic': {'name': 'Bubba', 'breed': 'Bulldog', 'age': 2, 'favorite_toy': 'Frisbee'}
2025-09-12 20:26:34 | INFO | Logging to file: logs/project_log.log
2025-09-12 20:26:34 | INFO | Log sanitization enabled, personal info removed
2025-09-12 20:26:34 | INFO | START dog consumer.
2025-09-12 20:26:34 | INFO | Kafka topic: dogs_topic
2025-09-12 20:26:34 | INFO | Kafka consumer group id: dog_group
2025-09-12 20:26:34 | INFO | Consumer: Topic 'dogs_topic' and group 'dog_group'...
2025-09-12 20:26:34 | INFO | Kafka broker address: localhost:9092
2025-09-12 20:26:34 | INFO | Creating Kafka consumer. Topic='dogs_topic' and group ID='dog_group'.
2025-09-12 20:26:34 | INFO | Kafka consumer created successfully.
2025-09-12 20:26:34 | INFO | Polling dog messages from topic 'dogs_topic'...
2025-09-12 20:26:37 | INFO | Sent message to topic 'dogs_topic': {'name': 'Harley', 'breed': 'German Shepherd', 'age': 4, 'favorite_toy': 'Rope'}
2025-09-12 20:26:39 | INFO | Processed Dog JSON: {'name': 'Harley', 'breed': 'German Shepherd', 'age': 3, 'favorite_toy': 'Squeaky toy'}
2025-09-12 20:26:39 | INFO | Dog 'Harley' is a 3-year-old German Shepherd who loves 'Squeaky toy'.
2025-09-12 20:26:39 | INFO | Updated toy counts: {'Squeaky toy': 1}
2025-09-12 20:26:39 | INFO | Processed Dog JSON: {'name': 'Harley', 'breed': 'German Shepherd', 'age': 11, 'favorite_toy': 'Frisbee'}
2025-09-12 20:26:39 | INFO | Dog 'Harley' is a 11-year-old German Shepherd who loves 'Frisbee'.
2025-09-12 20:26:39 | INFO | Updated toy counts: {'Squeaky toy': 1, 'Frisbee': 1}
2025-09-12 20:26:39 | INFO | Processed Dog JSON: {'name': 'Rex', 'breed': 'Beagle', 'age': 13, 'favorite_toy': 'Stick'}
2025-09-12 20:26:39 | INFO | Dog 'Rex' is a 13-year-old Beagle who loves 'Stick'.
2025-09-12 20:26:39 | INFO | Updated toy counts: {'Squeaky toy': 1, 'Frisbee': 1, 'Stick': 1}
2025-09-12 20:26:39 | INFO | Processed Dog JSON: {'name': 'Rex', 'breed': 'Bulldog', 'age': 15, 'favorite_toy': 'Tennis ball'}
2025-09-12 20:26:39 | INFO | Dog 'Rex' is a 15-year-old Bulldog who loves 'Tennis ball'.
2025-09-12 20:26:39 | INFO | Updated toy counts: {'Squeaky toy': 1, 'Frisbee': 1, 'Stick': 1, 'Tennis ball': 1}
2025-09-12 20:26:39 | INFO | Processed Dog JSON: {'name': 'Bubba', 'breed': 'Bulldog', 'age': 6, 'favorite_toy': 'Stick'}
2025-09-12 20:26:39 | INFO | Dog 'Bubba' is a 6-year-old Bulldog who loves 'Stick'.
2025-09-12 20:26:39 | INFO | Updated toy counts: {'Squeaky toy': 1, 'Frisbee': 1, 'Stick': 2, 'Tennis ball': 1}
2025-09-12 20:26:39 | INFO | Processed Dog JSON: {'name': 'Harley', 'breed': 'Golden Retriever', 'age': 9, 'favorite_toy': 'Stuffie'}
2025-09-12 20:26:39 | INFO | Dog 'Harley' is a 9-year-old Golden Retriever who loves 'Stuffie'.
2025-09-12 20:26:39 | INFO | Updated toy counts: {'Squeaky toy': 1, 'Frisbee': 1, 'Stick': 2, 'Tennis ball': 1, 'Stuffie': 1}
2025-09-12 20:26:39 | INFO | Processed Dog JSON: {'name': 'Nimeria', 'breed': 'Beagle', 'age': 7, 'favorite_toy': 'Frisbee'}
2025-09-12 20:26:39 | INFO | Dog 'Nimeria' is a 7-year-old Beagle who loves 'Frisbee'.
2025-09-12 20:26:39 | INFO | Updated toy counts: {'Squeaky toy': 1, 'Frisbee': 2, 'Stick': 2, 'Tennis ball': 1, 'Stuffie': 1}
2025-09-12 20:26:39 | INFO | Processed Dog JSON: {'name': 'Daisy', 'breed': 'German Shepherd', 'age': 8, 'favorite_toy': 'Stick'}
2025-09-12 20:26:39 | INFO | Dog 'Daisy' is a 8-year-old German Shepherd who loves 'Stick'.
2025-09-12 20:26:39 | INFO | Updated toy counts: {'Squeaky toy': 1, 'Frisbee': 2, 'Stick': 3, 'Tennis ball': 1, 'Stuffie': 1}
2025-09-12 20:26:39 | INFO | Processed Dog JSON: {'name': 'Harley', 'breed': 'Labrador', 'age': 7, 'favorite_toy': 'Rope'}
2025-09-12 20:26:39 | INFO | Dog 'Harley' is a 7-year-old Labrador who loves 'Rope'.
2025-09-12 20:26:39 | INFO | Updated toy counts: {'Squeaky toy': 1, 'Frisbee': 2, 'Stick': 3, 'Tennis ball': 1, 'Stuffie': 1, 'Rope': 1}
2025-09-12 20:26:39 | INFO | Processed Dog JSON: {'name': 'Duke', 'breed': 'Poodle', 'age': 11, 'favorite_toy': 'Stuffie'}
2025-09-12 20:26:39 | INFO | Dog 'Duke' is a 11-year-old Poodle who loves 'Stuffie'.
2025-09-12 20:26:39 | INFO | Updated toy counts: {'Squeaky toy': 1, 'Frisbee': 2, 'Stick': 3, 'Tennis ball': 1, 'Stuffie': 2, 'Rope': 1}
2025-09-12 20:26:39 | INFO | Processed Dog JSON: {'name': 'Duke', 'breed': 'Poodle', 'age': 1, 'favorite_toy': 'Rope'}
2025-09-12 20:26:39 | INFO | Dog 'Duke' is a 1-year-old Poodle who loves 'Rope'.
2025-09-12 20:26:39 | INFO | Updated toy counts: {'Squeaky toy': 1, 'Frisbee': 2, 'Stick': 3, 'Tennis ball': 1, 'Stuffie': 2, 'Rope': 2}
2025-09-12 20:26:39 | INFO | Processed Dog JSON: {'name': 'Rex', 'breed': 'Golden Retriever', 'age': 5, 'favorite_toy': 'Frisbee'}
2025-09-12 20:26:39 | INFO | Dog 'Rex' is a 5-year-old Golden Retriever who loves 'Frisbee'.
2025-09-12 20:26:39 | INFO | Updated toy counts: {'Squeaky toy': 1, 'Frisbee': 3, 'Stick': 3, 'Tennis ball': 1, 'Stuffie': 2, 'Rope': 2}
2025-09-12 20:26:39 | INFO | Processed Dog JSON: {'name': 'Bubba', 'breed': 'German Shepherd', 'age': 6, 'favorite_toy': 'Rope'}
2025-09-12 20:26:39 | INFO | Dog 'Bubba' is a 6-year-old German Shepherd who loves 'Rope'.
2025-09-12 20:26:39 | INFO | Updated toy counts: {'Squeaky toy': 1, 'Frisbee': 3, 'Stick': 3, 'Tennis ball': 1, 'Stuffie': 2, 'Rope': 3}
2025-09-12 20:26:39 | INFO | Processed Dog JSON: {'name': 'Duke', 'breed': 'German Shepherd', 'age': 1, 'favorite_toy': 'Frisbee'}
2025-09-12 20:26:39 | INFO | Dog 'Duke' is a 1-year-old German Shepherd who loves 'Frisbee'.
2025-09-12 20:26:39 | INFO | Updated toy counts: {'Squeaky toy': 1, 'Frisbee': 4, 'Stick': 3, 'Tennis ball': 1, 'Stuffie': 2, 'Rope': 3}
2025-09-12 20:26:39 | INFO | Processed Dog JSON: {'name': 'Bubba', 'breed': 'Bulldog', 'age': 2, 'favorite_toy': 'Frisbee'}
2025-09-12 20:26:39 | INFO | Dog 'Bubba' is a 2-year-old Bulldog who loves 'Frisbee'.
2025-09-12 20:26:39 | INFO | Updated toy counts: {'Squeaky toy': 1, 'Frisbee': 5, 'Stick': 3, 'Tennis ball': 1, 'Stuffie': 2, 'Rope': 3}
2025-09-12 20:26:39 | INFO | Processed Dog JSON: {'name': 'Harley', 'breed': 'German Shepherd', 'age': 4, 'favorite_toy': 'Rope'}
2025-09-12 20:26:39 | INFO | Dog 'Harley' is a 4-year-old German Shepherd who loves 'Rope'.
2025-09-12 20:26:39 | INFO | Updated toy counts: {'Squeaky toy': 1, 'Frisbee': 5, 'Stick': 3, 'Tennis ball': 1, 'Stuffie': 2, 'Rope': 4}
2025-09-12 20:26:41 | INFO | Processed Dog JSON: {'name': 'Nimeria', 'breed': 'German Shepherd', 'age': 2, 'favorite_toy': 'Stuffie'}
